<testng-results>
  <reporter-output>
  </reporter-output>
  <suite name="Custom suite">
    <groups>
    </groups>
    <test name="Trustwave">
      <class name="com.trustwave.transaction.TransactionIT">
        <test-method status="PASS" signature="closedTransactionSystem()" name="closedTransactionSystem" duration-ms="7335" started-at="2010-07-10T11:09:45Z" finished-at="2010-07-10T11:09:52Z">
        </test-method>
        <test-method status="PASS" signature="emptyRequstMap()" name="emptyRequstMap" duration-ms="8582" started-at="2010-07-10T11:09:52Z" finished-at="2010-07-10T11:10:01Z">
        </test-method>
      </class>
    </test>
  </suite>
</testng-results>
